2025-02-27T11:26:23.708+05:30  INFO 16496 --- [AD2-Loggers] [main] c.e.ad2loggers.Ad2LoggersApplication     : Starting Ad2LoggersApplication using Java 17.0.9 with PID 16496 (C:\Users\sachi\Downloads\3rd sem\AD2\AD2-Loggers\AD2-Loggers\target\classes started by sachi in C:\Users\sachi\Downloads\3rd sem\AD2\AD2-Loggers\AD2-Loggers)
2025-02-27T11:26:23.710+05:30  INFO 16496 --- [AD2-Loggers] [main] c.e.ad2loggers.Ad2LoggersApplication     : No active profile set, falling back to 1 default profile: "default"
2025-02-27T11:26:24.605+05:30  INFO 16496 --- [AD2-Loggers] [main] o.s.b.w.embedded.tomcat.TomcatWebServer  : Tomcat initialized with port 8085 (http)
2025-02-27T11:26:24.615+05:30  INFO 16496 --- [AD2-Loggers] [main] o.apache.catalina.core.StandardService   : Starting service [Tomcat]
2025-02-27T11:26:24.616+05:30  INFO 16496 --- [AD2-Loggers] [main] o.apache.catalina.core.StandardEngine    : Starting Servlet engine: [Apache Tomcat/10.1.36]
2025-02-27T11:26:24.665+05:30  INFO 16496 --- [AD2-Loggers] [main] o.a.c.c.C.[Tomcat].[localhost].[/]       : Initializing Spring embedded WebApplicationContext
2025-02-27T11:26:24.666+05:30  INFO 16496 --- [AD2-Loggers] [main] w.s.c.ServletWebServerApplicationContext : Root WebApplicationContext: initialization completed in 899 ms
2025-02-27T11:26:24.980+05:30  INFO 16496 --- [AD2-Loggers] [main] o.s.b.w.embedded.tomcat.TomcatWebServer  : Tomcat started on port 8085 (http) with context path '/'
2025-02-27T11:26:24.986+05:30  INFO 16496 --- [AD2-Loggers] [main] c.e.ad2loggers.Ad2LoggersApplication     : Started Ad2LoggersApplication in 1.998 seconds (process running for 3.106)
2025-02-27T11:27:25.190+05:30  INFO 16496 --- [AD2-Loggers] [http-nio-8085-exec-1] o.a.c.c.C.[Tomcat].[localhost].[/]       : Initializing Spring DispatcherServlet 'dispatcherServlet'
2025-02-27T11:27:25.191+05:30  INFO 16496 --- [AD2-Loggers] [http-nio-8085-exec-1] o.s.web.servlet.DispatcherServlet        : Initializing Servlet 'dispatcherServlet'
2025-02-27T11:27:25.192+05:30  INFO 16496 --- [AD2-Loggers] [http-nio-8085-exec-1] o.s.web.servlet.DispatcherServlet        : Completed initialization in 1 ms
2025-02-27T11:27:25.225+05:30  INFO 16496 --- [AD2-Loggers] [http-nio-8085-exec-1] c.e.ad2loggers.controllr.LogController   : This is INFO level log message
2025-02-27T11:27:25.225+05:30  WARN 16496 --- [AD2-Loggers] [http-nio-8085-exec-1] c.e.ad2loggers.controllr.LogController   : This is WARN level log message
2025-02-27T11:27:25.225+05:30 ERROR 16496 --- [AD2-Loggers] [http-nio-8085-exec-1] c.e.ad2loggers.controllr.LogController   : This is ERROR level log message
2025-02-27T11:32:08.529+05:30  INFO 16496 --- [AD2-Loggers] [SpringApplicationShutdownHook] o.s.b.w.e.tomcat.GracefulShutdown        : Commencing graceful shutdown. Waiting for active requests to complete
2025-02-27T11:32:08.555+05:30  INFO 16496 --- [AD2-Loggers] [tomcat-shutdown] o.s.b.w.e.tomcat.GracefulShutdown        : Graceful shutdown complete
2025-02-27T11:32:14.459+05:30  INFO 4624 --- [AD2-Loggers] [main] c.e.ad2loggers.Ad2LoggersApplication     : Starting Ad2LoggersApplication using Java 17.0.9 with PID 4624 (C:\Users\sachi\Downloads\3rd sem\AD2\AD2-Loggers\AD2-Loggers\target\classes started by sachi in C:\Users\sachi\Downloads\3rd sem\AD2\AD2-Loggers\AD2-Loggers)
2025-02-27T11:32:14.463+05:30  INFO 4624 --- [AD2-Loggers] [main] c.e.ad2loggers.Ad2LoggersApplication     : No active profile set, falling back to 1 default profile: "default"
2025-02-27T11:32:15.315+05:30  INFO 4624 --- [AD2-Loggers] [main] o.s.b.w.embedded.tomcat.TomcatWebServer  : Tomcat initialized with port 8085 (http)
2025-02-27T11:32:15.325+05:30  INFO 4624 --- [AD2-Loggers] [main] o.apache.catalina.core.StandardService   : Starting service [Tomcat]
2025-02-27T11:32:15.325+05:30  INFO 4624 --- [AD2-Loggers] [main] o.apache.catalina.core.StandardEngine    : Starting Servlet engine: [Apache Tomcat/10.1.36]
2025-02-27T11:32:15.384+05:30  INFO 4624 --- [AD2-Loggers] [main] o.a.c.c.C.[Tomcat].[localhost].[/]       : Initializing Spring embedded WebApplicationContext
2025-02-27T11:32:15.384+05:30  INFO 4624 --- [AD2-Loggers] [main] w.s.c.ServletWebServerApplicationContext : Root WebApplicationContext: initialization completed in 844 ms
2025-02-27T11:32:15.669+05:30  INFO 4624 --- [AD2-Loggers] [main] o.s.b.w.embedded.tomcat.TomcatWebServer  : Tomcat started on port 8085 (http) with context path '/'
2025-02-27T11:32:15.677+05:30  INFO 4624 --- [AD2-Loggers] [main] c.e.ad2loggers.Ad2LoggersApplication     : Started Ad2LoggersApplication in 1.743 seconds (process running for 2.365)
2025-02-27T12:40:23.490+05:30  INFO 9796 --- [AD2-Loggers] [main] c.e.a.Ad2LoggersApplicationTests         : Starting Ad2LoggersApplicationTests using Java 17.0.9 with PID 9796 (started by sachi in C:\Users\sachi\Downloads\3rd sem\AD2\AD2-Loggers\AD2-Loggers)
2025-02-27T12:40:23.493+05:30  INFO 9796 --- [AD2-Loggers] [main] c.e.a.Ad2LoggersApplicationTests         : No active profile set, falling back to 1 default profile: "default"
2025-02-27T12:40:25.507+05:30  INFO 9796 --- [AD2-Loggers] [main] c.e.a.Ad2LoggersApplicationTests         : Started Ad2LoggersApplicationTests in 2.449 seconds (process running for 3.931)
2025-02-27T13:43:42.214+05:30  INFO 4624 --- [AD2-Loggers] [SpringApplicationShutdownHook] o.s.b.w.e.tomcat.GracefulShutdown        : Commencing graceful shutdown. Waiting for active requests to complete
2025-02-27T13:43:42.335+05:30  INFO 4624 --- [AD2-Loggers] [tomcat-shutdown] o.s.b.w.e.tomcat.GracefulShutdown        : Graceful shutdown complete
